<?xml version="1.0" encoding="UTF-8" ?>
<testsuite tests="30" failures="0" name="runner.Testrunner" time="0.496" errors="0" skipped="0">
  <properties>
[...]
</properties>
  <testcase classname="Scenario: Verifying that English is the default language on Wikipedia search page" name="Given user is on the wikipedia homepage" time="0.002"/>
  <testcase classname="Scenario: Verifying that English is the default language on Wikipedia search page" name="When user checks the default language for the search field" time="0"/>
  <testcase classname="Scenario: Verifying that English is the default language on Wikipedia search page" name="Then verify &quot;English&quot; is displayed as the default search language" time="0"/>
  <testcase classname="Scenario: Verifying that English is the default language on Wikipedia search page" name="Scenario: Verifying that English is the default language on Wikipedia search page" time="0.079"/>
  <testcase classname="| test plan |" name="Given user is on the wikipedia homepage" time="0"/>
  <testcase classname="| test plan |" name="When user searches for a string using &quot;test plan&quot; string" time="0"/>
  <testcase classname="| test plan |" name="Then user verifies that the search results page matches the &quot;test plan&quot; string" time="0"/>
  <testcase classname="| test plan |" name="And verifies that the search results page is available in other languages" time="0"/>
  <testcase classname="| test plan |" name="| test plan |" time="0.078"/>
  <testcase classname="| Capybara |" name="Given user is on the wikipedia homepage" time="0"/>
  <testcase classname="| Capybara |" name="When user searches for a string using &quot;Capybara&quot; string" time="0"/>
  <testcase classname="| Capybara |" name="Then user verifies that the search results page matches the &quot;Capybara&quot; string" time="0"/>
  <testcase classname="| Capybara |" name="And verifies that the search results page is available in other languages" time="0"/>
  <testcase classname="| Capybara |" name="| Capybara |" time="0.084"/>
  <testcase classname="| seleNIUM |" name="Given user is on the wikipedia homepage" time="0"/>
  <testcase classname="| seleNIUM |" name="When user searches for a string using &quot;seleNIUM&quot; string" time="0"/>
  <testcase classname="| seleNIUM |" name="Then user verifies that the search results page matches the &quot;seleNIUM&quot; string" time="0"/>
  <testcase classname="| seleNIUM |" name="And verifies that the search results page is available in other languages" time="0"/>
  <testcase classname="| seleNIUM |" name="| seleNIUM |" time="0.083"/>
  <testcase classname="| champions LEAGUE |" name="Given user is on the wikipedia homepage" time="0"/>
  <testcase classname="| champions LEAGUE |" name="When user searches for a string using &quot;champions LEAGUE&quot; string" time="0"/>
  <testcase classname="| champions LEAGUE |" name="Then user verifies that the search results page matches the &quot;champions LEAGUE&quot; string" time="0"/>
  <testcase classname="| champions LEAGUE |" name="And verifies that the search results page is available in other languages" time="0"/>
  <testcase classname="| champions LEAGUE |" name="| champions LEAGUE |" time="0.087"/>
  <testcase classname="Scenario: Navigating to search results page in a different language" name="Given user is on the wikipedia homepage" time="0"/>
  <testcase classname="Scenario: Navigating to search results page in a different language" name="When user sets the language to German &quot;Deutsch&quot; on the home page" time="0"/>
  <testcase classname="Scenario: Navigating to search results page in a different language" name="And user searches for a string using &quot;champions league&quot; string" time="0"/>
  <testcase classname="Scenario: Navigating to search results page in a different language" name="Then user verifies that the search results page matches the &quot;champions league&quot; string" time="0"/>
  <testcase classname="Scenario: Navigating to search results page in a different language" name="And verifies that search results has a link to version in English" time="0.001"/>
  <testcase classname="Scenario: Navigating to search results page in a different language" name="Scenario: Navigating to search results page in a different language" time="0.082"/>
</testsuite>